2025-06-09 20:46:59,131 INFO: Saved data to articles_content_historia.json, total articles: 3215
2025-06-09 20:48:17,672 INFO: Saved data to articles_content_historia.json, total articles: 3265
2025-06-09 20:49:41,379 INFO: Saved data to articles_content_historia.json, total articles: 3315
2025-06-09 20:51:00,375 INFO: Saved data to articles_content_historia.json, total articles: 3365
2025-06-09 20:52:21,906 INFO: Saved data to articles_content_historia.json, total articles: 3415
2025-06-09 20:53:43,647 INFO: Saved data to articles_content_historia.json, total articles: 3465
2025-06-09 20:55:06,744 INFO: Saved data to articles_content_historia.json, total articles: 3515
2025-06-09 20:56:28,541 INFO: Saved data to articles_content_historia.json, total articles: 3565
2025-06-09 20:57:48,004 INFO: Saved data to articles_content_historia.json, total articles: 3615
2025-06-09 20:59:12,354 INFO: Saved data to articles_content_historia.json, total articles: 3665
2025-06-09 21:00:33,386 INFO: Saved data to articles_content_historia.json, total articles: 3715
2025-06-09 21:01:53,377 INFO: Saved data to articles_content_historia.json, total articles: 3765
2025-06-09 21:03:12,125 INFO: Saved data to articles_content_historia.json, total articles: 3815
2025-06-09 21:04:31,233 INFO: Saved data to articles_content_historia.json, total articles: 3865
2025-06-09 21:05:52,042 INFO: Saved data to articles_content_historia.json, total articles: 3915
2025-06-09 21:07:10,872 INFO: Saved data to articles_content_historia.json, total articles: 3965
2025-06-09 21:08:28,397 INFO: Saved data to articles_content_historia.json, total articles: 4015
2025-06-09 21:09:45,195 INFO: Saved data to articles_content_historia.json, total articles: 4065
2025-06-09 21:11:07,447 INFO: Saved data to articles_content_historia.json, total articles: 4115
2025-06-09 21:12:27,430 INFO: Saved data to articles_content_historia.json, total articles: 4165
2025-06-09 21:13:45,112 INFO: Saved data to articles_content_historia.json, total articles: 4215
2025-06-09 21:15:02,770 INFO: Saved data to articles_content_historia.json, total articles: 4265
2025-06-09 21:16:18,818 INFO: Saved data to articles_content_historia.json, total articles: 4315
2025-06-09 21:17:34,343 INFO: Saved data to articles_content_historia.json, total articles: 4365
2025-06-09 21:17:43,703 INFO: Saved data to articles_content_historia.json, total articles: 4371
2025-06-09 21:32:59,548 INFO: Saved data to articles_content_historia.json, total articles: 4371
2025-06-09 21:34:17,260 INFO: Saved data to articles_content_historia.json, total articles: 4371
2025-06-09 21:35:36,475 INFO: Saved data to articles_content_historia.json, total articles: 4371
2025-06-09 21:36:57,143 INFO: Saved data to articles_content_historia.json, total articles: 4371
2025-06-09 21:38:18,283 INFO: Saved data to articles_content_historia.json, total articles: 4371
2025-06-09 21:39:40,079 INFO: Saved data to articles_content_historia.json, total articles: 4371
2025-06-09 21:41:01,389 INFO: Saved data to articles_content_historia.json, total articles: 4371
2025-06-09 21:42:23,614 INFO: Saved data to articles_content_historia.json, total articles: 4371
2025-06-09 21:43:45,312 INFO: Saved data to articles_content_historia.json, total articles: 4371
2025-06-09 21:45:08,491 INFO: Saved data to articles_content_historia.json, total articles: 4371
2025-06-09 21:46:30,986 INFO: Saved data to articles_content_historia.json, total articles: 4371
2025-06-09 21:47:52,874 INFO: Saved data to articles_content_historia.json, total articles: 4371
2025-06-09 21:49:15,536 INFO: Saved data to articles_content_historia.json, total articles: 4371
2025-06-09 21:50:37,062 INFO: Saved data to articles_content_historia.json, total articles: 4371
2025-06-09 21:51:58,913 INFO: Saved data to articles_content_historia.json, total articles: 4371
2025-06-09 21:53:20,736 INFO: Saved data to articles_content_historia.json, total articles: 4371
2025-06-09 21:54:45,058 INFO: Saved data to articles_content_historia.json, total articles: 4371
2025-06-09 21:56:07,405 INFO: Saved data to articles_content_historia.json, total articles: 4371
2025-06-09 21:57:30,669 INFO: Saved data to articles_content_historia.json, total articles: 4371
2025-06-09 21:58:52,336 INFO: Saved data to articles_content_historia.json, total articles: 4371
2025-06-09 22:00:16,395 INFO: Saved data to articles_content_historia.json, total articles: 4371
2025-06-09 22:01:38,436 INFO: Saved data to articles_content_historia.json, total articles: 4371
2025-06-09 22:02:59,817 INFO: Saved data to articles_content_historia.json, total articles: 4371
2025-06-09 22:04:22,028 INFO: Saved data to articles_content_historia.json, total articles: 4371
2025-06-09 22:05:42,536 INFO: Saved data to articles_content_historia.json, total articles: 4371
2025-06-09 22:07:01,450 INFO: Saved data to articles_content_historia.json, total articles: 4371
2025-06-09 22:08:21,636 INFO: Saved data to articles_content_historia.json, total articles: 4371
2025-06-09 22:09:41,452 INFO: Saved data to articles_content_historia.json, total articles: 4371
2025-06-09 22:11:01,754 INFO: Saved data to articles_content_historia.json, total articles: 4371
2025-06-09 22:12:21,416 INFO: Saved data to articles_content_historia.json, total articles: 4371
2025-06-09 22:13:42,004 INFO: Saved data to articles_content_historia.json, total articles: 4371
2025-06-09 22:15:07,819 INFO: Saved data to articles_content_historia.json, total articles: 4371
2025-06-09 22:16:28,573 INFO: Saved data to articles_content_historia.json, total articles: 4371
2025-06-09 22:17:57,181 INFO: Saved data to articles_content_historia.json, total articles: 4371
2025-06-09 22:19:19,314 INFO: Saved data to articles_content_historia.json, total articles: 4371
2025-06-09 22:20:42,680 INFO: Saved data to articles_content_historia.json, total articles: 4371
2025-06-09 22:22:06,054 INFO: Saved data to articles_content_historia.json, total articles: 4371
2025-06-09 22:23:28,488 INFO: Saved data to articles_content_historia.json, total articles: 4371
2025-06-09 22:24:50,221 INFO: Saved data to articles_content_historia.json, total articles: 4371
2025-06-09 22:26:22,874 INFO: Saved data to articles_content_historia.json, total articles: 4371
2025-06-09 22:27:46,027 INFO: Saved data to articles_content_historia.json, total articles: 4371
2025-06-09 22:29:08,518 INFO: Saved data to articles_content_historia.json, total articles: 4371
2025-06-09 22:30:32,959 INFO: Saved data to articles_content_historia.json, total articles: 4371
2025-06-09 22:31:58,688 INFO: Saved data to articles_content_historia.json, total articles: 4371
2025-06-09 22:33:21,089 INFO: Saved data to articles_content_historia.json, total articles: 4371
2025-06-09 22:34:44,104 INFO: Saved data to articles_content_historia.json, total articles: 4371
2025-06-09 22:36:08,727 INFO: Saved data to articles_content_historia.json, total articles: 4371
2025-06-09 22:37:20,027 ERROR: Error in fetch_article_content https://ukraina.ru/20210510/1031312571.html: ('Connection aborted.', RemoteDisconnected('Remote end closed connection without response'))
2025-06-09 22:37:20,027 WARNING: Content not retrieved for https://ukraina.ru/20210510/1031312571.html
2025-06-09 22:37:30,759 INFO: Saved data to articles_content_historia.json, total articles: 4371
2025-06-09 22:38:39,276 ERROR: Error in fetch_article_content https://ukraina.ru/20210402/1031014814.html: ('Connection aborted.', RemoteDisconnected('Remote end closed connection without response'))
2025-06-09 22:38:39,276 WARNING: Content not retrieved for https://ukraina.ru/20210402/1031014814.html
2025-06-09 22:38:53,305 INFO: Saved data to articles_content_historia.json, total articles: 4371
2025-06-09 22:40:15,647 INFO: Saved data to articles_content_historia.json, total articles: 4371
2025-06-09 22:41:40,322 INFO: Saved data to articles_content_historia.json, total articles: 4371
2025-06-09 22:43:01,860 INFO: Saved data to articles_content_historia.json, total articles: 4371
2025-06-09 22:44:25,630 INFO: Saved data to articles_content_historia.json, total articles: 4371
2025-06-09 22:45:47,099 INFO: Saved data to articles_content_historia.json, total articles: 4371
2025-06-09 22:47:08,667 INFO: Saved data to articles_content_historia.json, total articles: 4371
2025-06-09 22:48:29,661 INFO: Saved data to articles_content_historia.json, total articles: 4371
2025-06-09 22:49:51,730 INFO: Saved data to articles_content_historia.json, total articles: 4371
2025-06-09 22:51:13,908 INFO: Saved data to articles_content_historia.json, total articles: 4371
2025-06-09 22:52:37,069 INFO: Saved data to articles_content_historia.json, total articles: 4371
2025-06-09 22:53:56,654 INFO: Saved data to articles_content_historia.json, total articles: 4371
2025-06-09 22:55:19,105 INFO: Saved data to articles_content_historia.json, total articles: 4371
2025-06-09 22:56:39,061 INFO: Saved data to articles_content_historia.json, total articles: 4371
2025-06-09 22:57:57,609 INFO: Saved data to articles_content_historia.json, total articles: 4371
2025-06-09 22:59:16,154 INFO: Saved data to articles_content_historia.json, total articles: 4371
2025-06-09 23:00:32,688 INFO: Saved data to articles_content_historia.json, total articles: 4371
2025-06-09 23:01:51,159 INFO: Saved data to articles_content_historia.json, total articles: 4371
2025-06-09 23:03:08,115 INFO: Saved data to articles_content_historia.json, total articles: 4371
2025-06-09 23:04:25,055 INFO: Saved data to articles_content_historia.json, total articles: 4371
2025-06-09 23:05:43,365 INFO: Saved data to articles_content_historia.json, total articles: 4371
2025-06-09 23:07:02,647 INFO: Saved data to articles_content_historia.json, total articles: 4371
2025-06-09 23:08:21,978 INFO: Saved data to articles_content_historia.json, total articles: 4371
2025-06-09 23:09:41,972 INFO: Saved data to articles_content_historia.json, total articles: 4371
2025-06-09 23:11:03,694 INFO: Saved data to articles_content_historia.json, total articles: 4371
2025-06-09 23:12:21,177 INFO: Saved data to articles_content_historia.json, total articles: 4371
2025-06-09 23:13:40,315 INFO: Saved data to articles_content_historia.json, total articles: 4371
2025-06-09 23:14:57,270 INFO: Saved data to articles_content_historia.json, total articles: 4371
2025-06-09 23:16:15,973 INFO: Saved data to articles_content_historia.json, total articles: 4371
2025-06-09 23:17:34,660 INFO: Saved data to articles_content_historia.json, total articles: 4371
2025-06-09 23:18:49,994 INFO: Saved data to articles_content_historia.json, total articles: 4371
2025-06-09 23:20:06,632 INFO: Saved data to articles_content_historia.json, total articles: 4371
2025-06-09 23:21:22,205 INFO: Saved data to articles_content_historia.json, total articles: 4371
2025-06-09 23:22:38,950 INFO: Saved data to articles_content_historia.json, total articles: 4371
2025-06-09 23:23:54,350 INFO: Saved data to articles_content_historia.json, total articles: 4371
2025-06-09 23:25:11,358 INFO: Saved data to articles_content_historia.json, total articles: 4371
2025-06-09 23:26:28,345 INFO: Saved data to articles_content_historia.json, total articles: 4371
2025-06-09 23:27:44,639 INFO: Saved data to articles_content_historia.json, total articles: 4371
2025-06-09 23:28:58,357 INFO: Saved data to articles_content_historia.json, total articles: 4371
2025-06-09 23:29:06,001 INFO: Saved data to articles_content_historia.json, total articles: 4371
2025-06-10 22:12:39,372 INFO: Saved data to articles_content_historia.json, total articles: 4373
2025-06-10 22:13:44,124 INFO: Saved data to articles_content_opinion.json, total articles: 7145
2025-06-11 13:38:14,939 INFO: Saved data to articles_content_historia.json, total articles: 1968
2025-06-11 13:38:19,951 ERROR: Error in fetch_article_content_basic https://ukraina.ru/20220712/1034340901.html: ('Connection aborted.', ConnectionResetError(10054, 'Une connexion existante a dû être fermée par l’hôte distant', None, 10054, None))
2025-06-11 13:38:19,951 WARNING: Content not retrieved for https://ukraina.ru/20220712/1034340901.html
2025-06-11 13:40:29,883 INFO: Saved data to articles_content_historia.json, total articles: 2017
2025-06-11 13:42:44,512 INFO: Saved data to articles_content_historia.json, total articles: 2067
2025-06-11 13:44:31,787 INFO: Saved data to articles_content_historia.json, total articles: 2117
2025-06-11 13:45:27,156 ERROR: Error in fetch_article_content_basic https://ukraina.ru/20220109/1033031157.html: ('Connection aborted.', ConnectionResetError(10054, 'Une connexion existante a dû être fermée par l’hôte distant', None, 10054, None))
2025-06-11 13:45:27,157 WARNING: Content not retrieved for https://ukraina.ru/20220109/1033031157.html
2025-06-11 13:46:13,085 INFO: Saved data to articles_content_historia.json, total articles: 2166
2025-06-11 13:48:09,171 INFO: Saved data to articles_content_historia.json, total articles: 2216
2025-06-11 13:50:18,796 INFO: Saved data to articles_content_historia.json, total articles: 2266
2025-06-11 13:52:06,446 INFO: Saved data to articles_content_historia.json, total articles: 2316
2025-06-11 13:53:19,200 ERROR: Error in fetch_article_content_basic https://ukraina.ru/20210706/1031776725.html: ('Connection aborted.', RemoteDisconnected('Remote end closed connection without response'))
2025-06-11 13:53:19,201 WARNING: Content not retrieved for https://ukraina.ru/20210706/1031776725.html
2025-06-11 13:53:23,590 ERROR: Error in fetch_article_content_basic https://ukraina.ru/20210704/1028356342.html: ('Connection aborted.', ConnectionResetError(10054, 'Une connexion existante a dû être fermée par l’hôte distant', None, 10054, None))
2025-06-11 13:53:23,590 WARNING: Content not retrieved for https://ukraina.ru/20210704/1028356342.html
2025-06-11 13:53:48,638 INFO: Saved data to articles_content_historia.json, total articles: 2364
2025-06-11 13:55:23,926 INFO: Saved data to articles_content_historia.json, total articles: 2414
2025-06-11 13:57:02,898 INFO: Saved data to articles_content_historia.json, total articles: 2464
2025-06-11 13:58:42,562 INFO: Saved data to articles_content_historia.json, total articles: 2514
2025-06-11 14:00:23,334 INFO: Saved data to articles_content_historia.json, total articles: 2564
2025-06-11 14:02:09,263 INFO: Saved data to articles_content_historia.json, total articles: 2614
2025-06-11 14:03:47,174 INFO: Saved data to articles_content_historia.json, total articles: 2664
2025-06-11 14:05:28,279 INFO: Saved data to articles_content_historia.json, total articles: 2714
2025-06-11 14:07:01,080 INFO: Saved data to articles_content_historia.json, total articles: 2764
2025-06-11 14:08:38,751 INFO: Saved data to articles_content_historia.json, total articles: 2814
2025-06-11 14:10:18,467 INFO: Saved data to articles_content_historia.json, total articles: 2864
2025-06-11 14:11:49,113 INFO: Saved data to articles_content_historia.json, total articles: 2914
2025-06-11 14:13:22,608 INFO: Saved data to articles_content_historia.json, total articles: 2964
2025-06-11 14:15:00,978 INFO: Saved data to articles_content_historia.json, total articles: 3014
2025-06-11 14:16:45,868 INFO: Saved data to articles_content_historia.json, total articles: 3064
2025-06-11 14:18:37,778 INFO: Saved data to articles_content_historia.json, total articles: 3114
2025-06-11 14:20:13,454 INFO: Saved data to articles_content_historia.json, total articles: 3164
2025-06-11 14:21:57,576 INFO: Saved data to articles_content_historia.json, total articles: 3214
2025-06-11 14:23:29,952 INFO: Saved data to articles_content_historia.json, total articles: 3264
2025-06-11 14:25:09,605 INFO: Saved data to articles_content_historia.json, total articles: 3314
2025-06-11 14:27:02,712 INFO: Saved data to articles_content_historia.json, total articles: 3364
2025-06-11 14:28:36,230 INFO: Saved data to articles_content_historia.json, total articles: 3414
2025-06-11 14:30:20,647 INFO: Saved data to articles_content_historia.json, total articles: 3464
2025-06-11 14:32:23,995 INFO: Saved data to articles_content_historia.json, total articles: 3514
2025-06-11 14:33:22,587 ERROR: Error in fetch_article_content_basic https://ukraina.ru/20190920/1025057838.html: HTTPSConnectionPool(host='ukraina.ru', port=443): Read timed out. (read timeout=10)
2025-06-11 14:33:22,587 WARNING: Content not retrieved for https://ukraina.ru/20190920/1025057838.html
2025-06-11 14:34:17,767 INFO: Saved data to articles_content_historia.json, total articles: 3563
2025-06-11 14:36:00,488 INFO: Saved data to articles_content_historia.json, total articles: 3613
2025-06-11 14:37:41,338 INFO: Saved data to articles_content_historia.json, total articles: 3663
2025-06-11 14:39:28,005 INFO: Saved data to articles_content_historia.json, total articles: 3713
2025-06-11 14:40:59,507 INFO: Saved data to articles_content_historia.json, total articles: 3763
2025-06-11 14:42:46,711 INFO: Saved data to articles_content_historia.json, total articles: 3813
2025-06-11 14:44:25,862 INFO: Saved data to articles_content_historia.json, total articles: 3863
2025-06-11 14:46:29,489 INFO: Saved data to articles_content_historia.json, total articles: 3913
2025-06-11 14:48:18,967 INFO: Saved data to articles_content_historia.json, total articles: 3963
2025-06-11 14:50:18,729 INFO: Saved data to articles_content_historia.json, total articles: 4013
2025-06-11 14:51:52,315 INFO: Saved data to articles_content_historia.json, total articles: 4063
2025-06-11 14:53:33,941 INFO: Saved data to articles_content_historia.json, total articles: 4113
2025-06-11 14:55:19,644 INFO: Saved data to articles_content_historia.json, total articles: 4163
2025-06-11 14:57:28,884 INFO: Saved data to articles_content_historia.json, total articles: 4213
2025-06-11 14:59:44,144 INFO: Saved data to articles_content_historia.json, total articles: 4263
2025-06-11 15:02:27,563 INFO: Saved data to articles_content_historia.json, total articles: 4313
2025-06-11 15:04:24,989 INFO: Saved data to articles_content_historia.json, total articles: 4363
2025-06-11 15:04:36,229 INFO: Saved data to articles_content_historia.json, total articles: 4368
2025-06-11 15:44:02,761 INFO: Saved data to articles_content_historia.json, total articles: 50
2025-06-11 15:46:20,113 ERROR: Error in fetch_article_content_basic https://ukraina.ru/20250508/1045916400.html: ('Connection aborted.', RemoteDisconnected('Remote end closed connection without response'))
2025-06-11 15:46:20,114 WARNING: Content not retrieved for https://ukraina.ru/20250508/1045916400.html
2025-06-11 15:46:21,084 INFO: Saved data to articles_content_historia.json, total articles: 99
2025-06-11 15:46:24,319 ERROR: Error in fetch_article_content_basic https://ukraina.ru/20250507/1045915866.html: ('Connection aborted.', RemoteDisconnected('Remote end closed connection without response'))
2025-06-11 15:46:24,320 WARNING: Content not retrieved for https://ukraina.ru/20250507/1045915866.html
2025-06-11 15:48:17,457 INFO: Saved data to articles_content_historia.json, total articles: 148
2025-06-11 15:50:01,042 INFO: Saved data to articles_content_historia.json, total articles: 198
2025-06-11 15:52:00,856 INFO: Saved data to articles_content_historia.json, total articles: 248
2025-06-11 15:53:48,463 INFO: Saved data to articles_content_historia.json, total articles: 298
2025-06-11 15:55:34,599 INFO: Saved data to articles_content_historia.json, total articles: 348
2025-06-11 15:57:14,002 INFO: Saved data to articles_content_historia.json, total articles: 398
2025-06-11 15:59:00,661 INFO: Saved data to articles_content_historia.json, total articles: 448
2025-06-11 16:01:09,166 INFO: Saved data to articles_content_historia.json, total articles: 498
2025-06-11 16:03:05,968 INFO: Saved data to articles_content_historia.json, total articles: 548
2025-06-11 16:04:59,617 INFO: Saved data to articles_content_historia.json, total articles: 598
2025-06-11 16:06:59,392 INFO: Saved data to articles_content_historia.json, total articles: 648
2025-06-11 16:08:53,525 INFO: Saved data to articles_content_historia.json, total articles: 698
2025-06-11 16:10:47,606 INFO: Saved data to articles_content_historia.json, total articles: 748
2025-06-11 16:12:40,581 INFO: Saved data to articles_content_historia.json, total articles: 798
2025-06-11 16:15:00,255 INFO: Saved data to articles_content_historia.json, total articles: 848
2025-06-11 16:17:03,409 INFO: Saved data to articles_content_historia.json, total articles: 898
2025-06-11 16:19:08,780 INFO: Saved data to articles_content_historia.json, total articles: 948
2025-06-11 16:20:44,092 ERROR: Error in fetch_article_content_basic https://ukraina.ru/20240409/1045051327.html: HTTPSConnectionPool(host='ukraina.ru', port=443): Read timed out. (read timeout=10)
2025-06-11 16:20:44,092 WARNING: Content not retrieved for https://ukraina.ru/20240409/1045051327.html
2025-06-11 16:21:33,095 INFO: Saved data to articles_content_historia.json, total articles: 997
2025-06-11 16:23:12,996 INFO: Saved data to articles_content_historia.json, total articles: 1047
2025-06-11 16:24:49,948 INFO: Saved data to articles_content_historia.json, total articles: 1097
2025-06-11 16:26:29,318 INFO: Saved data to articles_content_historia.json, total articles: 1147
2025-06-11 16:28:28,175 INFO: Saved data to articles_content_historia.json, total articles: 1197
2025-06-11 16:30:07,257 INFO: Saved data to articles_content_historia.json, total articles: 1247
2025-06-11 16:31:40,906 INFO: Saved data to articles_content_historia.json, total articles: 1297
2025-06-11 16:33:17,306 INFO: Saved data to articles_content_historia.json, total articles: 1347
2025-06-11 16:35:00,548 INFO: Saved data to articles_content_historia.json, total articles: 1397
2025-06-11 16:36:35,772 INFO: Saved data to articles_content_historia.json, total articles: 1447
2025-06-11 16:38:09,922 INFO: Saved data to articles_content_historia.json, total articles: 1497
2025-06-11 16:39:43,739 INFO: Saved data to articles_content_historia.json, total articles: 1547
2025-06-11 16:41:16,553 INFO: Saved data to articles_content_historia.json, total articles: 1597
2025-06-11 16:42:57,015 INFO: Saved data to articles_content_historia.json, total articles: 1647
2025-06-11 16:44:46,257 INFO: Saved data to articles_content_historia.json, total articles: 1697
2025-06-11 16:46:38,851 INFO: Saved data to articles_content_historia.json, total articles: 1747
2025-06-11 16:48:16,411 INFO: Saved data to articles_content_historia.json, total articles: 1797
2025-06-11 16:48:48,462 ERROR: Error in fetch_article_content_basic https://ukraina.ru/20221106/1040523275.html: ('Connection aborted.', ConnectionResetError(10054, 'Une connexion existante a dû être fermée par l’hôte distant', None, 10054, None))
2025-06-11 16:48:48,463 WARNING: Content not retrieved for https://ukraina.ru/20221106/1040523275.html
2025-06-11 16:49:51,641 INFO: Saved data to articles_content_historia.json, total articles: 1846
2025-06-11 16:51:34,797 INFO: Saved data to articles_content_historia.json, total articles: 1896
2025-06-11 16:52:21,982 ERROR: Error in fetch_article_content_basic https://ukraina.ru/20220811/1037540898.html: ('Connection aborted.', RemoteDisconnected('Remote end closed connection without response'))
2025-06-11 16:52:21,983 WARNING: Content not retrieved for https://ukraina.ru/20220811/1037540898.html
2025-06-11 16:53:10,754 INFO: Saved data to articles_content_historia.json, total articles: 1945
2025-06-11 16:54:56,521 INFO: Saved data to articles_content_historia.json, total articles: 1995
2025-06-11 16:56:38,968 INFO: Saved data to articles_content_historia.json, total articles: 2045
2025-06-11 16:58:13,884 INFO: Saved data to articles_content_historia.json, total articles: 2095
2025-06-11 17:00:06,335 INFO: Saved data to articles_content_historia.json, total articles: 2145
2025-06-11 17:00:07,472 ERROR: Error in fetch_article_content_basic https://ukraina.ru/20211221/1032925495.html: ('Connection aborted.', ConnectionResetError(10054, 'Une connexion existante a dû être fermée par l’hôte distant', None, 10054, None))
2025-06-11 17:00:07,473 WARNING: Content not retrieved for https://ukraina.ru/20211221/1032925495.html
2025-06-11 17:01:44,306 INFO: Saved data to articles_content_historia.json, total articles: 2194
2025-06-11 17:03:17,220 INFO: Saved data to articles_content_historia.json, total articles: 2244
2025-06-11 17:04:55,474 INFO: Saved data to articles_content_historia.json, total articles: 2294
2025-06-11 17:06:37,118 INFO: Saved data to articles_content_historia.json, total articles: 2344
2025-06-11 17:08:09,749 INFO: Saved data to articles_content_historia.json, total articles: 2394
2025-06-11 17:08:20,514 ERROR: Error in fetch_article_content_basic https://ukraina.ru/20210503/1031301042.html: ('Connection aborted.', ConnectionResetError(10054, 'Une connexion existante a dû être fermée par l’hôte distant', None, 10054, None))
2025-06-11 17:08:20,515 WARNING: Content not retrieved for https://ukraina.ru/20210503/1031301042.html
2025-06-11 17:09:41,643 INFO: Saved data to articles_content_historia.json, total articles: 2443
2025-06-11 17:11:12,509 INFO: Saved data to articles_content_historia.json, total articles: 2493
2025-06-11 17:12:52,907 INFO: Saved data to articles_content_historia.json, total articles: 2543
2025-06-11 17:14:55,646 INFO: Saved data to articles_content_historia.json, total articles: 2593
2025-06-11 17:16:52,125 INFO: Saved data to articles_content_historia.json, total articles: 2643
2025-06-11 17:18:21,820 ERROR: Error in fetch_article_content_basic https://ukraina.ru/20200929/1029064245.html: HTTPSConnectionPool(host='ukraina.ru', port=443): Read timed out. (read timeout=10)
2025-06-11 17:18:21,821 WARNING: Content not retrieved for https://ukraina.ru/20200929/1029064245.html
2025-06-11 17:18:53,864 INFO: Saved data to articles_content_historia.json, total articles: 2692
2025-06-11 17:20:35,237 INFO: Saved data to articles_content_historia.json, total articles: 2742
2025-06-11 17:22:35,997 INFO: Saved data to articles_content_historia.json, total articles: 2792
2025-06-11 17:24:24,326 ERROR: Error in fetch_article_content_basic https://ukraina.ru/20200626/1028096000.html: ('Connection aborted.', RemoteDisconnected('Remote end closed connection without response'))
2025-06-11 17:24:24,326 WARNING: Content not retrieved for https://ukraina.ru/20200626/1028096000.html
2025-06-11 17:24:37,196 INFO: Saved data to articles_content_historia.json, total articles: 2841
2025-06-11 17:26:31,080 INFO: Saved data to articles_content_historia.json, total articles: 2891
2025-06-11 17:28:29,116 INFO: Saved data to articles_content_historia.json, total articles: 2941
2025-06-11 17:30:15,979 ERROR: Error in fetch_article_content_basic https://ukraina.ru/20200427/1027540997.html: HTTPSConnectionPool(host='ukraina.ru', port=443): Read timed out.
2025-06-11 17:30:15,979 WARNING: Content not retrieved for https://ukraina.ru/20200427/1027540997.html
2025-06-11 17:30:44,439 INFO: Saved data to articles_content_historia.json, total articles: 2990
2025-06-11 17:32:19,182 INFO: Saved data to articles_content_historia.json, total articles: 3040
2025-06-11 17:33:49,133 INFO: Saved data to articles_content_historia.json, total articles: 3090
2025-06-11 17:35:16,227 INFO: Saved data to articles_content_historia.json, total articles: 3140
2025-06-11 17:35:20,895 ERROR: Error in fetch_article_content_basic https://ukraina.ru/20200213/1026692828.html: ('Connection aborted.', RemoteDisconnected('Remote end closed connection without response'))
2025-06-11 17:35:20,896 WARNING: Content not retrieved for https://ukraina.ru/20200213/1026692828.html
2025-06-11 17:36:47,413 INFO: Saved data to articles_content_historia.json, total articles: 3189
2025-06-11 17:38:21,530 ERROR: Error in fetch_article_content_basic https://ukraina.ru/20200123/1026414678.html: HTTPSConnectionPool(host='ukraina.ru', port=443): Read timed out. (read timeout=10)
2025-06-11 17:38:21,530 WARNING: Content not retrieved for https://ukraina.ru/20200123/1026414678.html
2025-06-11 17:38:23,689 INFO: Saved data to articles_content_historia.json, total articles: 3238
2025-06-11 17:40:06,301 INFO: Saved data to articles_content_historia.json, total articles: 3288
2025-06-11 17:41:33,075 INFO: Saved data to articles_content_historia.json, total articles: 3338
2025-06-11 17:43:02,117 INFO: Saved data to articles_content_historia.json, total articles: 3388
2025-06-11 17:44:28,534 INFO: Saved data to articles_content_historia.json, total articles: 3438
2025-06-11 17:45:56,018 INFO: Saved data to articles_content_historia.json, total articles: 3488
2025-06-11 17:47:24,418 INFO: Saved data to articles_content_historia.json, total articles: 3538
2025-06-11 17:48:51,654 INFO: Saved data to articles_content_historia.json, total articles: 3588
2025-06-11 17:50:20,048 INFO: Saved data to articles_content_historia.json, total articles: 3638
2025-06-11 17:51:45,356 INFO: Saved data to articles_content_historia.json, total articles: 3688
2025-06-11 17:53:16,183 INFO: Saved data to articles_content_historia.json, total articles: 3738
2025-06-11 17:54:43,211 INFO: Saved data to articles_content_historia.json, total articles: 3788
2025-06-11 17:56:10,243 INFO: Saved data to articles_content_historia.json, total articles: 3838
2025-06-11 17:57:39,287 INFO: Saved data to articles_content_historia.json, total articles: 3888
2025-06-11 17:59:10,592 INFO: Saved data to articles_content_historia.json, total articles: 3938
2025-06-11 18:00:39,646 INFO: Saved data to articles_content_historia.json, total articles: 3988
2025-06-11 18:02:05,409 INFO: Saved data to articles_content_historia.json, total articles: 4038
2025-06-11 18:03:55,209 INFO: Saved data to articles_content_historia.json, total articles: 4088
2025-06-11 18:05:21,917 INFO: Saved data to articles_content_historia.json, total articles: 4138
2025-06-11 18:06:49,748 INFO: Saved data to articles_content_historia.json, total articles: 4188
2025-06-11 18:08:16,010 INFO: Saved data to articles_content_historia.json, total articles: 4238
2025-06-11 18:09:43,738 INFO: Saved data to articles_content_historia.json, total articles: 4288
2025-06-11 18:11:07,929 INFO: Saved data to articles_content_historia.json, total articles: 4338
2025-06-11 18:11:22,068 INFO: Saved data to articles_content_historia.json, total articles: 4346
