2025-05-30 01:13:29,095 INFO: Données sauvegardées dans articles_content_opinion.json, total articles: 50
2025-05-30 01:14:54,677 INFO: Données sauvegardées dans articles_content_opinion.json, total articles: 100
2025-05-30 01:15:40,444 ERROR: Erreur fetch_article_content https://ukraina.ru/20250331/1062159457.html: ('Connection aborted.', ConnectionResetError(10054, 'Une connexion existante a dû être fermée par l’hôte distant', None, 10054, None))
2025-05-30 01:15:40,444 WARNING: Contenu non récupéré pour https://ukraina.ru/20250331/1062159457.html
2025-05-30 01:16:20,440 INFO: Données sauvegardées dans articles_content_opinion.json, total articles: 149
2025-05-30 01:17:47,421 INFO: Données sauvegardées dans articles_content_opinion.json, total articles: 199
2025-05-30 01:19:15,914 INFO: Données sauvegardées dans articles_content_opinion.json, total articles: 249
2025-05-30 01:20:45,499 INFO: Données sauvegardées dans articles_content_opinion.json, total articles: 299
2025-05-30 01:22:17,392 INFO: Données sauvegardées dans articles_content_opinion.json, total articles: 349
2025-05-30 01:23:46,252 INFO: Données sauvegardées dans articles_content_opinion.json, total articles: 399
2025-05-30 01:25:14,809 INFO: Données sauvegardées dans articles_content_opinion.json, total articles: 449
2025-05-30 01:26:46,683 INFO: Données sauvegardées dans articles_content_opinion.json, total articles: 499
2025-05-30 01:28:15,061 INFO: Données sauvegardées dans articles_content_opinion.json, total articles: 549
2025-05-30 01:29:45,537 INFO: Données sauvegardées dans articles_content_opinion.json, total articles: 599
2025-05-30 01:31:16,247 INFO: Données sauvegardées dans articles_content_opinion.json, total articles: 649
2025-05-30 01:32:47,911 INFO: Données sauvegardées dans articles_content_opinion.json, total articles: 699
2025-05-30 01:34:17,131 INFO: Données sauvegardées dans articles_content_opinion.json, total articles: 749
2025-05-30 01:35:47,028 INFO: Données sauvegardées dans articles_content_opinion.json, total articles: 799
2025-05-30 01:37:18,789 INFO: Données sauvegardées dans articles_content_opinion.json, total articles: 849
2025-05-30 01:38:47,513 INFO: Données sauvegardées dans articles_content_opinion.json, total articles: 899
2025-05-30 01:40:18,575 INFO: Données sauvegardées dans articles_content_opinion.json, total articles: 949
2025-05-30 01:41:48,366 INFO: Données sauvegardées dans articles_content_opinion.json, total articles: 999
2025-05-30 01:43:21,327 INFO: Données sauvegardées dans articles_content_opinion.json, total articles: 1049
2025-05-30 01:44:50,898 INFO: Données sauvegardées dans articles_content_opinion.json, total articles: 1099
2025-05-30 01:46:20,459 INFO: Données sauvegardées dans articles_content_opinion.json, total articles: 1149
2025-05-30 01:47:50,666 INFO: Données sauvegardées dans articles_content_opinion.json, total articles: 1199
2025-05-30 01:49:27,292 INFO: Données sauvegardées dans articles_content_opinion.json, total articles: 1249
2025-05-30 01:50:56,883 INFO: Données sauvegardées dans articles_content_opinion.json, total articles: 1299
2025-05-30 01:52:26,609 INFO: Données sauvegardées dans articles_content_opinion.json, total articles: 1349
2025-05-30 01:54:02,449 INFO: Données sauvegardées dans articles_content_opinion.json, total articles: 1399
2025-05-30 01:55:32,855 INFO: Données sauvegardées dans articles_content_opinion.json, total articles: 1449
2025-05-30 01:56:58,630 INFO: Données sauvegardées dans articles_content_opinion.json, total articles: 1499
2025-05-30 01:58:25,392 INFO: Données sauvegardées dans articles_content_opinion.json, total articles: 1549
2025-05-30 01:59:51,850 INFO: Données sauvegardées dans articles_content_opinion.json, total articles: 1599
2025-05-30 02:01:19,006 INFO: Données sauvegardées dans articles_content_opinion.json, total articles: 1649
2025-05-30 02:02:47,349 INFO: Données sauvegardées dans articles_content_opinion.json, total articles: 1699
2025-05-30 02:04:14,638 INFO: Données sauvegardées dans articles_content_opinion.json, total articles: 1749
2025-05-30 02:05:42,113 INFO: Données sauvegardées dans articles_content_opinion.json, total articles: 1799
2025-05-30 02:07:10,658 INFO: Données sauvegardées dans articles_content_opinion.json, total articles: 1849
2025-05-30 02:08:38,044 INFO: Données sauvegardées dans articles_content_opinion.json, total articles: 1899
2025-05-30 02:10:04,922 INFO: Données sauvegardées dans articles_content_opinion.json, total articles: 1949
2025-05-30 02:11:31,730 INFO: Données sauvegardées dans articles_content_opinion.json, total articles: 1999
2025-05-30 02:12:58,790 INFO: Données sauvegardées dans articles_content_opinion.json, total articles: 2049
2025-05-30 02:14:27,029 INFO: Données sauvegardées dans articles_content_opinion.json, total articles: 2099
2025-05-30 02:16:00,331 INFO: Données sauvegardées dans articles_content_opinion.json, total articles: 2149
2025-05-30 02:17:30,971 INFO: Données sauvegardées dans articles_content_opinion.json, total articles: 2199
2025-05-30 02:18:59,632 INFO: Données sauvegardées dans articles_content_opinion.json, total articles: 2249
2025-05-30 02:20:27,706 INFO: Données sauvegardées dans articles_content_opinion.json, total articles: 2299
2025-05-30 02:21:55,594 INFO: Données sauvegardées dans articles_content_opinion.json, total articles: 2349
2025-05-30 02:23:22,200 INFO: Données sauvegardées dans articles_content_opinion.json, total articles: 2399
2025-05-30 02:24:48,607 INFO: Données sauvegardées dans articles_content_opinion.json, total articles: 2449
2025-05-30 02:26:17,963 INFO: Données sauvegardées dans articles_content_opinion.json, total articles: 2499
2025-05-30 02:27:44,024 INFO: Données sauvegardées dans articles_content_opinion.json, total articles: 2549
2025-05-30 02:29:10,964 INFO: Données sauvegardées dans articles_content_opinion.json, total articles: 2599
2025-05-30 02:30:36,869 INFO: Données sauvegardées dans articles_content_opinion.json, total articles: 2649
2025-05-30 02:32:03,023 INFO: Données sauvegardées dans articles_content_opinion.json, total articles: 2699
2025-05-30 02:33:30,582 INFO: Données sauvegardées dans articles_content_opinion.json, total articles: 2749
2025-05-30 02:34:57,474 INFO: Données sauvegardées dans articles_content_opinion.json, total articles: 2799
2025-05-30 02:36:23,077 INFO: Données sauvegardées dans articles_content_opinion.json, total articles: 2849
2025-05-30 02:37:49,721 INFO: Données sauvegardées dans articles_content_opinion.json, total articles: 2899
2025-05-30 02:39:16,243 INFO: Données sauvegardées dans articles_content_opinion.json, total articles: 2949
2025-05-30 02:40:43,765 INFO: Données sauvegardées dans articles_content_opinion.json, total articles: 2999
2025-05-30 02:42:12,602 INFO: Données sauvegardées dans articles_content_opinion.json, total articles: 3049
2025-05-30 02:43:38,363 INFO: Données sauvegardées dans articles_content_opinion.json, total articles: 3099
2025-05-30 02:45:05,204 INFO: Données sauvegardées dans articles_content_opinion.json, total articles: 3149
2025-05-30 02:46:33,244 INFO: Données sauvegardées dans articles_content_opinion.json, total articles: 3199
2025-05-30 02:47:57,697 INFO: Données sauvegardées dans articles_content_opinion.json, total articles: 3249
2025-05-30 02:49:23,253 INFO: Données sauvegardées dans articles_content_opinion.json, total articles: 3299
2025-05-30 02:50:49,697 INFO: Données sauvegardées dans articles_content_opinion.json, total articles: 3349
2025-05-30 02:52:15,617 INFO: Données sauvegardées dans articles_content_opinion.json, total articles: 3399
2025-05-30 02:53:43,191 INFO: Données sauvegardées dans articles_content_opinion.json, total articles: 3449
2025-05-30 02:55:08,649 INFO: Données sauvegardées dans articles_content_opinion.json, total articles: 3499
2025-05-30 02:56:33,166 INFO: Données sauvegardées dans articles_content_opinion.json, total articles: 3549
2025-05-30 02:57:56,026 INFO: Données sauvegardées dans articles_content_opinion.json, total articles: 3599
2025-05-30 02:59:19,068 INFO: Données sauvegardées dans articles_content_opinion.json, total articles: 3649
2025-05-30 03:00:42,391 INFO: Données sauvegardées dans articles_content_opinion.json, total articles: 3699
2025-05-30 03:02:05,777 INFO: Données sauvegardées dans articles_content_opinion.json, total articles: 3749
2025-05-30 03:03:29,566 INFO: Données sauvegardées dans articles_content_opinion.json, total articles: 3799
2025-05-30 03:04:55,978 INFO: Données sauvegardées dans articles_content_opinion.json, total articles: 3849
2025-05-30 03:06:22,633 INFO: Données sauvegardées dans articles_content_opinion.json, total articles: 3899
2025-05-30 03:07:47,937 INFO: Données sauvegardées dans articles_content_opinion.json, total articles: 3949
2025-05-30 03:09:11,259 INFO: Données sauvegardées dans articles_content_opinion.json, total articles: 3999
2025-05-30 03:10:36,268 INFO: Données sauvegardées dans articles_content_opinion.json, total articles: 4049
2025-05-30 03:12:01,376 INFO: Données sauvegardées dans articles_content_opinion.json, total articles: 4099
2025-05-30 03:13:27,830 INFO: Données sauvegardées dans articles_content_opinion.json, total articles: 4149
2025-05-30 03:14:55,969 INFO: Données sauvegardées dans articles_content_opinion.json, total articles: 4199
2025-05-30 03:16:23,893 INFO: Données sauvegardées dans articles_content_opinion.json, total articles: 4249
2025-05-30 03:17:51,542 INFO: Données sauvegardées dans articles_content_opinion.json, total articles: 4299
2025-05-30 03:19:17,386 INFO: Données sauvegardées dans articles_content_opinion.json, total articles: 4349
2025-05-30 03:20:43,643 INFO: Données sauvegardées dans articles_content_opinion.json, total articles: 4399
2025-05-30 03:22:08,082 INFO: Données sauvegardées dans articles_content_opinion.json, total articles: 4449
2025-05-30 03:23:31,568 INFO: Données sauvegardées dans articles_content_opinion.json, total articles: 4499
2025-05-30 03:24:55,233 INFO: Données sauvegardées dans articles_content_opinion.json, total articles: 4549
2025-05-30 03:26:19,918 INFO: Données sauvegardées dans articles_content_opinion.json, total articles: 4599
2025-05-30 03:27:43,936 INFO: Données sauvegardées dans articles_content_opinion.json, total articles: 4649
2025-05-30 03:29:07,781 INFO: Données sauvegardées dans articles_content_opinion.json, total articles: 4699
2025-05-30 03:30:32,354 INFO: Données sauvegardées dans articles_content_opinion.json, total articles: 4749
2025-05-30 03:31:57,821 INFO: Données sauvegardées dans articles_content_opinion.json, total articles: 4799
2025-05-30 03:33:23,166 INFO: Données sauvegardées dans articles_content_opinion.json, total articles: 4849
2025-05-30 03:34:48,870 INFO: Données sauvegardées dans articles_content_opinion.json, total articles: 4899
2025-05-30 03:36:14,211 INFO: Données sauvegardées dans articles_content_opinion.json, total articles: 4949
2025-05-30 03:37:38,448 INFO: Données sauvegardées dans articles_content_opinion.json, total articles: 4999
2025-05-30 03:39:02,691 INFO: Données sauvegardées dans articles_content_opinion.json, total articles: 5049
2025-05-30 03:40:28,228 INFO: Données sauvegardées dans articles_content_opinion.json, total articles: 5099
2025-05-30 03:41:53,166 INFO: Données sauvegardées dans articles_content_opinion.json, total articles: 5149
2025-05-30 03:43:18,658 INFO: Données sauvegardées dans articles_content_opinion.json, total articles: 5199
2025-05-30 03:44:45,027 INFO: Données sauvegardées dans articles_content_opinion.json, total articles: 5249
2025-05-30 03:46:10,366 INFO: Données sauvegardées dans articles_content_opinion.json, total articles: 5299
2025-05-30 03:47:34,537 INFO: Données sauvegardées dans articles_content_opinion.json, total articles: 5349
2025-05-30 03:48:59,719 INFO: Données sauvegardées dans articles_content_opinion.json, total articles: 5399
2025-05-30 03:50:24,880 INFO: Données sauvegardées dans articles_content_opinion.json, total articles: 5449
2025-05-30 03:51:51,175 INFO: Données sauvegardées dans articles_content_opinion.json, total articles: 5499
2025-05-30 03:53:16,547 INFO: Données sauvegardées dans articles_content_opinion.json, total articles: 5549
2025-05-30 03:54:40,301 INFO: Données sauvegardées dans articles_content_opinion.json, total articles: 5599
2025-05-30 03:56:05,146 INFO: Données sauvegardées dans articles_content_opinion.json, total articles: 5649
2025-05-30 03:57:29,683 INFO: Données sauvegardées dans articles_content_opinion.json, total articles: 5699
2025-05-30 03:58:54,506 INFO: Données sauvegardées dans articles_content_opinion.json, total articles: 5749
2025-05-30 04:00:18,858 INFO: Données sauvegardées dans articles_content_opinion.json, total articles: 5799
2025-05-30 04:01:44,847 INFO: Données sauvegardées dans articles_content_opinion.json, total articles: 5849
2025-05-30 04:03:12,034 INFO: Données sauvegardées dans articles_content_opinion.json, total articles: 5899
2025-05-30 04:04:38,044 INFO: Données sauvegardées dans articles_content_opinion.json, total articles: 5949
2025-05-30 04:06:03,832 INFO: Données sauvegardées dans articles_content_opinion.json, total articles: 5999
2025-05-30 04:07:30,822 INFO: Données sauvegardées dans articles_content_opinion.json, total articles: 6049
2025-05-30 04:08:56,027 INFO: Données sauvegardées dans articles_content_opinion.json, total articles: 6099
2025-05-30 04:10:21,447 INFO: Données sauvegardées dans articles_content_opinion.json, total articles: 6149
2025-05-30 04:11:46,139 INFO: Données sauvegardées dans articles_content_opinion.json, total articles: 6199
2025-05-30 04:13:11,590 INFO: Données sauvegardées dans articles_content_opinion.json, total articles: 6249
2025-05-30 04:14:37,213 INFO: Données sauvegardées dans articles_content_opinion.json, total articles: 6299
2025-05-30 04:16:05,972 INFO: Données sauvegardées dans articles_content_opinion.json, total articles: 6349
2025-05-30 04:17:31,610 INFO: Données sauvegardées dans articles_content_opinion.json, total articles: 6399
2025-05-30 04:18:57,332 INFO: Données sauvegardées dans articles_content_opinion.json, total articles: 6449
2025-05-30 04:20:23,472 INFO: Données sauvegardées dans articles_content_opinion.json, total articles: 6499
2025-05-30 04:21:49,141 INFO: Données sauvegardées dans articles_content_opinion.json, total articles: 6549
2025-05-30 04:23:13,885 INFO: Données sauvegardées dans articles_content_opinion.json, total articles: 6599
2025-05-30 04:24:40,322 INFO: Données sauvegardées dans articles_content_opinion.json, total articles: 6649
2025-05-30 04:26:05,611 INFO: Données sauvegardées dans articles_content_opinion.json, total articles: 6699
2025-05-30 04:27:29,731 INFO: Données sauvegardées dans articles_content_opinion.json, total articles: 6749
2025-05-30 04:28:53,636 INFO: Données sauvegardées dans articles_content_opinion.json, total articles: 6799
2025-05-30 04:30:25,678 INFO: Données sauvegardées dans articles_content_opinion.json, total articles: 6849
2025-05-30 04:31:49,700 INFO: Données sauvegardées dans articles_content_opinion.json, total articles: 6899
2025-05-30 04:33:13,755 INFO: Données sauvegardées dans articles_content_opinion.json, total articles: 6949
2025-05-30 04:34:38,343 INFO: Données sauvegardées dans articles_content_opinion.json, total articles: 6999
2025-05-30 04:36:01,850 INFO: Données sauvegardées dans articles_content_opinion.json, total articles: 7049
2025-05-30 04:37:26,185 INFO: Données sauvegardées dans articles_content_opinion.json, total articles: 7099
2025-06-09 21:46:32,217 INFO: Saved data to articles_content_opinion.json, total articles: 7099
2025-06-09 21:47:47,254 INFO: Saved data to articles_content_opinion.json, total articles: 7099
2025-06-09 21:49:03,256 INFO: Saved data to articles_content_opinion.json, total articles: 7100
2025-06-09 21:50:20,466 INFO: Saved data to articles_content_opinion.json, total articles: 7100
2025-06-09 21:51:40,299 INFO: Saved data to articles_content_opinion.json, total articles: 7100
2025-06-09 21:52:58,556 INFO: Saved data to articles_content_opinion.json, total articles: 7100
2025-06-09 21:54:15,892 INFO: Saved data to articles_content_opinion.json, total articles: 7100
2025-06-09 21:55:34,870 INFO: Saved data to articles_content_opinion.json, total articles: 7100
2025-06-09 21:56:52,684 INFO: Saved data to articles_content_opinion.json, total articles: 7100
2025-06-09 21:58:11,483 INFO: Saved data to articles_content_opinion.json, total articles: 7100
2025-06-09 21:59:29,969 INFO: Saved data to articles_content_opinion.json, total articles: 7100
2025-06-09 22:00:49,394 INFO: Saved data to articles_content_opinion.json, total articles: 7100
2025-06-09 22:02:09,468 INFO: Saved data to articles_content_opinion.json, total articles: 7100
2025-06-09 22:03:29,247 INFO: Saved data to articles_content_opinion.json, total articles: 7100
2025-06-09 22:04:47,869 INFO: Saved data to articles_content_opinion.json, total articles: 7100
2025-06-09 22:06:06,287 INFO: Saved data to articles_content_opinion.json, total articles: 7100
2025-06-09 22:07:26,014 INFO: Saved data to articles_content_opinion.json, total articles: 7100
2025-06-09 22:08:44,427 INFO: Saved data to articles_content_opinion.json, total articles: 7100
2025-06-09 22:10:04,814 INFO: Saved data to articles_content_opinion.json, total articles: 7100
2025-06-09 22:11:23,071 INFO: Saved data to articles_content_opinion.json, total articles: 7100
2025-06-09 22:12:42,117 INFO: Saved data to articles_content_opinion.json, total articles: 7100
2025-06-09 22:14:01,439 INFO: Saved data to articles_content_opinion.json, total articles: 7100
2025-06-09 22:15:22,959 INFO: Saved data to articles_content_opinion.json, total articles: 7100
2025-06-09 22:16:43,584 INFO: Saved data to articles_content_opinion.json, total articles: 7100
2025-06-09 22:18:03,018 INFO: Saved data to articles_content_opinion.json, total articles: 7100
2025-06-09 22:19:21,458 INFO: Saved data to articles_content_opinion.json, total articles: 7100
2025-06-09 22:20:41,250 INFO: Saved data to articles_content_opinion.json, total articles: 7100
2025-06-09 22:22:05,072 INFO: Saved data to articles_content_opinion.json, total articles: 7100
2025-06-09 22:23:25,721 INFO: Saved data to articles_content_opinion.json, total articles: 7100
2025-06-09 22:24:45,415 INFO: Saved data to articles_content_opinion.json, total articles: 7100
2025-06-09 22:26:04,289 INFO: Saved data to articles_content_opinion.json, total articles: 7100
2025-06-09 22:27:23,784 INFO: Saved data to articles_content_opinion.json, total articles: 7100
2025-06-09 22:28:43,242 INFO: Saved data to articles_content_opinion.json, total articles: 7100
2025-06-09 22:30:02,883 INFO: Saved data to articles_content_opinion.json, total articles: 7100
2025-06-09 22:31:21,839 INFO: Saved data to articles_content_opinion.json, total articles: 7100
2025-06-09 22:32:41,023 INFO: Saved data to articles_content_opinion.json, total articles: 7100
2025-06-09 22:33:58,942 INFO: Saved data to articles_content_opinion.json, total articles: 7100
2025-06-09 22:35:18,569 INFO: Saved data to articles_content_opinion.json, total articles: 7100
2025-06-09 22:36:36,020 INFO: Saved data to articles_content_opinion.json, total articles: 7100
2025-06-09 22:37:56,329 INFO: Saved data to articles_content_opinion.json, total articles: 7100
2025-06-09 22:39:14,456 INFO: Saved data to articles_content_opinion.json, total articles: 7100
2025-06-09 22:40:33,485 INFO: Saved data to articles_content_opinion.json, total articles: 7100
2025-06-09 22:41:21,510 ERROR: Error in fetch_article_content https://ukraina.ru/20210204/1030447966.html: ('Connection aborted.', RemoteDisconnected('Remote end closed connection without response'))
2025-06-09 22:41:21,510 WARNING: Content not retrieved for https://ukraina.ru/20210204/1030447966.html
2025-06-09 22:41:52,962 INFO: Saved data to articles_content_opinion.json, total articles: 7100
2025-06-09 22:43:12,060 INFO: Saved data to articles_content_opinion.json, total articles: 7100
2025-06-09 22:44:30,369 INFO: Saved data to articles_content_opinion.json, total articles: 7100
2025-06-09 22:45:50,144 INFO: Saved data to articles_content_opinion.json, total articles: 7100
2025-06-09 22:47:09,741 INFO: Saved data to articles_content_opinion.json, total articles: 7100
2025-06-09 22:48:28,086 INFO: Saved data to articles_content_opinion.json, total articles: 7100
2025-06-09 22:49:45,517 INFO: Saved data to articles_content_opinion.json, total articles: 7100
2025-06-09 22:51:03,673 INFO: Saved data to articles_content_opinion.json, total articles: 7100
2025-06-09 22:52:21,691 INFO: Saved data to articles_content_opinion.json, total articles: 7100
2025-06-09 22:53:40,203 INFO: Saved data to articles_content_opinion.json, total articles: 7100
2025-06-09 22:54:59,613 INFO: Saved data to articles_content_opinion.json, total articles: 7100
2025-06-09 22:56:17,026 INFO: Saved data to articles_content_opinion.json, total articles: 7100
2025-06-09 22:57:34,653 INFO: Saved data to articles_content_opinion.json, total articles: 7100
2025-06-09 22:58:50,527 INFO: Saved data to articles_content_opinion.json, total articles: 7100
2025-06-09 23:00:06,289 INFO: Saved data to articles_content_opinion.json, total articles: 7100
2025-06-09 23:01:23,734 INFO: Saved data to articles_content_opinion.json, total articles: 7100
2025-06-09 23:02:41,541 INFO: Saved data to articles_content_opinion.json, total articles: 7100
2025-06-09 23:03:59,763 INFO: Saved data to articles_content_opinion.json, total articles: 7100
2025-06-09 23:05:17,949 INFO: Saved data to articles_content_opinion.json, total articles: 7100
2025-06-09 23:06:35,627 INFO: Saved data to articles_content_opinion.json, total articles: 7100
2025-06-09 23:07:55,366 INFO: Saved data to articles_content_opinion.json, total articles: 7100
2025-06-09 23:09:14,380 INFO: Saved data to articles_content_opinion.json, total articles: 7100
2025-06-09 23:10:33,113 INFO: Saved data to articles_content_opinion.json, total articles: 7100
2025-06-09 23:11:50,314 INFO: Saved data to articles_content_opinion.json, total articles: 7100
2025-06-09 23:13:08,799 INFO: Saved data to articles_content_opinion.json, total articles: 7100
2025-06-09 23:14:26,727 INFO: Saved data to articles_content_opinion.json, total articles: 7100
2025-06-09 23:15:43,998 INFO: Saved data to articles_content_opinion.json, total articles: 7100
2025-06-09 23:17:00,958 INFO: Saved data to articles_content_opinion.json, total articles: 7100
2025-06-09 23:18:22,085 INFO: Saved data to articles_content_opinion.json, total articles: 7100
2025-06-09 23:19:38,215 INFO: Saved data to articles_content_opinion.json, total articles: 7100
2025-06-09 23:20:54,444 INFO: Saved data to articles_content_opinion.json, total articles: 7100
2025-06-09 23:22:09,978 INFO: Saved data to articles_content_opinion.json, total articles: 7100
2025-06-09 23:23:25,988 INFO: Saved data to articles_content_opinion.json, total articles: 7100
2025-06-09 23:24:44,623 INFO: Saved data to articles_content_opinion.json, total articles: 7100
2025-06-09 23:26:03,895 INFO: Saved data to articles_content_opinion.json, total articles: 7100
2025-06-09 23:27:23,181 INFO: Saved data to articles_content_opinion.json, total articles: 7100
2025-06-09 23:28:41,625 INFO: Saved data to articles_content_opinion.json, total articles: 7100
2025-06-09 23:29:58,676 INFO: Saved data to articles_content_opinion.json, total articles: 7100
2025-06-09 23:31:16,245 INFO: Saved data to articles_content_opinion.json, total articles: 7100
2025-06-09 23:32:35,065 INFO: Saved data to articles_content_opinion.json, total articles: 7100
2025-06-09 23:33:57,416 INFO: Saved data to articles_content_opinion.json, total articles: 7100
2025-06-09 23:35:14,137 INFO: Saved data to articles_content_opinion.json, total articles: 7100
2025-06-09 23:36:31,841 INFO: Saved data to articles_content_opinion.json, total articles: 7100
2025-06-09 23:37:49,578 INFO: Saved data to articles_content_opinion.json, total articles: 7100
2025-06-09 23:39:06,427 INFO: Saved data to articles_content_opinion.json, total articles: 7100
2025-06-09 23:40:23,724 INFO: Saved data to articles_content_opinion.json, total articles: 7100
2025-06-09 23:40:37,715 ERROR: Error in fetch_article_content https://ukraina.ru/20170224/1018338824.html: ('Connection aborted.', RemoteDisconnected('Remote end closed connection without response'))
2025-06-09 23:40:37,715 WARNING: Content not retrieved for https://ukraina.ru/20170224/1018338824.html
2025-06-09 23:41:40,304 INFO: Saved data to articles_content_opinion.json, total articles: 7100
2025-06-09 23:42:55,302 INFO: Saved data to articles_content_opinion.json, total articles: 7100
2025-06-09 23:44:12,244 INFO: Saved data to articles_content_opinion.json, total articles: 7100
2025-06-09 23:45:27,454 INFO: Saved data to articles_content_opinion.json, total articles: 7100
2025-06-09 23:46:42,268 INFO: Saved data to articles_content_opinion.json, total articles: 7100
2025-06-09 23:47:57,200 INFO: Saved data to articles_content_opinion.json, total articles: 7100
2025-06-09 23:49:12,360 INFO: Saved data to articles_content_opinion.json, total articles: 7100
2025-06-09 23:50:27,403 INFO: Saved data to articles_content_opinion.json, total articles: 7100
2025-06-09 23:51:42,600 INFO: Saved data to articles_content_opinion.json, total articles: 7100
2025-06-09 23:52:58,172 INFO: Saved data to articles_content_opinion.json, total articles: 7100
2025-06-09 23:54:13,059 INFO: Saved data to articles_content_opinion.json, total articles: 7100
2025-06-09 23:55:27,896 INFO: Saved data to articles_content_opinion.json, total articles: 7100
2025-06-09 23:56:42,399 INFO: Saved data to articles_content_opinion.json, total articles: 7100
2025-06-09 23:57:57,574 INFO: Saved data to articles_content_opinion.json, total articles: 7100
2025-06-09 23:59:11,886 INFO: Saved data to articles_content_opinion.json, total articles: 7100
2025-06-10 00:00:26,644 INFO: Saved data to articles_content_opinion.json, total articles: 7100
2025-06-10 00:01:42,947 INFO: Saved data to articles_content_opinion.json, total articles: 7100
2025-06-10 00:02:58,271 INFO: Saved data to articles_content_opinion.json, total articles: 7100
2025-06-10 00:04:14,170 INFO: Saved data to articles_content_opinion.json, total articles: 7100
2025-06-10 00:05:30,092 INFO: Saved data to articles_content_opinion.json, total articles: 7100
2025-06-10 00:06:46,127 INFO: Saved data to articles_content_opinion.json, total articles: 7100
2025-06-10 00:08:01,592 INFO: Saved data to articles_content_opinion.json, total articles: 7100
2025-06-10 00:09:17,407 INFO: Saved data to articles_content_opinion.json, total articles: 7100
2025-06-10 00:10:32,785 INFO: Saved data to articles_content_opinion.json, total articles: 7100
2025-06-10 00:11:48,172 INFO: Saved data to articles_content_opinion.json, total articles: 7100
2025-06-10 00:13:06,439 INFO: Saved data to articles_content_opinion.json, total articles: 7100
2025-06-10 00:14:23,380 INFO: Saved data to articles_content_opinion.json, total articles: 7100
2025-06-10 00:15:38,363 INFO: Saved data to articles_content_opinion.json, total articles: 7100
2025-06-10 00:16:54,447 INFO: Saved data to articles_content_opinion.json, total articles: 7100
2025-06-10 00:18:10,112 INFO: Saved data to articles_content_opinion.json, total articles: 7100
2025-06-10 00:19:25,837 INFO: Saved data to articles_content_opinion.json, total articles: 7100
2025-06-10 00:20:41,671 INFO: Saved data to articles_content_opinion.json, total articles: 7100
2025-06-10 00:21:57,080 INFO: Saved data to articles_content_opinion.json, total articles: 7100
2025-06-10 00:23:12,511 INFO: Saved data to articles_content_opinion.json, total articles: 7100
2025-06-10 00:24:28,646 INFO: Saved data to articles_content_opinion.json, total articles: 7100
2025-06-10 00:25:44,780 INFO: Saved data to articles_content_opinion.json, total articles: 7100
2025-06-10 00:27:00,490 INFO: Saved data to articles_content_opinion.json, total articles: 7100
2025-06-10 00:28:16,122 INFO: Saved data to articles_content_opinion.json, total articles: 7100
2025-06-10 00:28:18,615 ERROR: Error in fetch_article_content https://ukraina.ru/20150114/1011788036.html: ('Connection aborted.', RemoteDisconnected('Remote end closed connection without response'))
2025-06-10 00:28:18,616 WARNING: Content not retrieved for https://ukraina.ru/20150114/1011788036.html
2025-06-10 00:28:23,606 ERROR: Error in fetch_article_content https://ukraina.ru/20150113/1011779079.html: ('Connection aborted.', RemoteDisconnected('Remote end closed connection without response'))
2025-06-10 00:28:23,606 WARNING: Content not retrieved for https://ukraina.ru/20150113/1011779079.html
2025-06-10 00:29:29,437 INFO: Saved data to articles_content_opinion.json, total articles: 7100
2025-06-10 00:30:45,839 INFO: Saved data to articles_content_opinion.json, total articles: 7100
2025-06-10 00:32:01,649 INFO: Saved data to articles_content_opinion.json, total articles: 7100
2025-06-10 00:33:17,937 INFO: Saved data to articles_content_opinion.json, total articles: 7100
2025-06-10 00:34:35,215 INFO: Saved data to articles_content_opinion.json, total articles: 7100
2025-06-10 00:35:51,273 INFO: Saved data to articles_content_opinion.json, total articles: 7100
2025-06-10 00:37:07,134 INFO: Saved data to articles_content_opinion.json, total articles: 7100
2025-06-10 00:38:23,060 INFO: Saved data to articles_content_opinion.json, total articles: 7100
2025-06-10 00:39:37,796 INFO: Saved data to articles_content_opinion.json, total articles: 7100
2025-06-10 00:40:52,745 INFO: Saved data to articles_content_opinion.json, total articles: 7100
2025-06-10 00:42:06,643 INFO: Saved data to articles_content_opinion.json, total articles: 7100
2025-06-10 00:43:20,587 INFO: Saved data to articles_content_opinion.json, total articles: 7100
2025-06-10 00:44:35,379 INFO: Saved data to articles_content_opinion.json, total articles: 7100
2025-06-10 00:45:49,214 INFO: Saved data to articles_content_opinion.json, total articles: 7100
2025-06-10 00:47:02,738 INFO: Saved data to articles_content_opinion.json, total articles: 7100
2025-06-10 00:48:16,667 INFO: Saved data to articles_content_opinion.json, total articles: 7100
